ISim log file
Running: C:\Users\Juaquin\Dropbox\Harvard\Classes\Classes\CS 141\141_jumps\lab4-checkpoint-ri\test_mips_multicycle_isim_beh.exe -intstyle ise -gui -tclbatch isim.cmd -wdb C:/Users/Juaquin/Dropbox/Harvard/Classes/Classes/CS 141/141_jumps/lab4-checkpoint-ri/test_mips_multicycle_isim_beh.wdb 
ISim P.20131013 (signature 0x7708f090)
WARNING: A WEBPACK license was found.
WARNING: Please use Xilinx License Configuration Manager to check out a full ISim license.
WARNING: ISim will run in Lite mode. Please refer to the ISim documentation for more information on the differences between the Lite and the Full version.
This is a Lite version of ISim.
Time resolution is 1 ps
# onerror resume
# wave add /
# run 1000 ns
Simulator is doing circuit initialization process.
no data file was supplied, using tests/zero.memh
initializing test_mips_multicycle.MEMORY's instruction memory from '                                                                              tests/current_test.memh' and data memory from '                                                                                      tests/zero.memh'
defaulting to 1000 cycles
Finished circuit initialization process.
              875000:: MIPS FSM FAILURE at instruction         18.  Quitting now.
Stopped at time : 875 ns : File "C:/Users/Juaquin/Dropbox/Harvard/Classes/Classes/CS 141/141_jumps/lab4-checkpoint-ri/remote_sources/_/test_mips_multicycle.v" Line 87
ISim P.20131013 (signature 0x7708f090)
WARNING: A WEBPACK license was found.
WARNING: Please use Xilinx License Configuration Manager to check out a full ISim license.
WARNING: ISim will run in Lite mode. Please refer to the ISim documentation for more information on the differences between the Lite and the Full version.
This is a Lite version of ISim.
# run 1000 ns
Simulator is doing circuit initialization process.
no data file was supplied, using tests/zero.memh
initializing test_mips_multicycle.MEMORY's instruction memory from '                                                                              tests/current_test.memh' and data memory from '                                                                                      tests/zero.memh'
defaulting to 1000 cycles
Finished circuit initialization process.
              875000:: MIPS FSM FAILURE at instruction         18.  Quitting now.
Stopped at time : 875 ns : File "C:/Users/Juaquin/Dropbox/Harvard/Classes/Classes/CS 141/141_jumps/lab4-checkpoint-ri/remote_sources/_/test_mips_multicycle.v" Line 87
ISim P.20131013 (signature 0x7708f090)
WARNING: A WEBPACK license was found.
WARNING: Please use Xilinx License Configuration Manager to check out a full ISim license.
WARNING: ISim will run in Lite mode. Please refer to the ISim documentation for more information on the differences between the Lite and the Full version.
This is a Lite version of ISim.
# run 1000 ns
Simulator is doing circuit initialization process.
no data file was supplied, using tests/zero.memh
initializing test_mips_multicycle.MEMORY's instruction memory from '                                                                              tests/current_test.memh' and data memory from '                                                                                      tests/zero.memh'
defaulting to 1000 cycles
Finished circuit initialization process.
              775000:: MIPS FSM FAILURE at instruction         16.  Quitting now.
Stopped at time : 775 ns : File "C:/Users/Juaquin/Dropbox/Harvard/Classes/Classes/CS 141/141_jumps/lab4-checkpoint-ri/remote_sources/_/test_mips_multicycle.v" Line 87
